1. 備份資料庫...
2. 備份 public/about、cv.pdf...
3. 備份 RustFS（文章圖片）...
4. 打包...
backup-20260210-1747/
backup-20260210-1747/backup.sql
backup-20260210-1747/rustfs-data/
backup-20260210-1747/rustfs-data/uploads/
backup-20260210-1747/rustfs-data/uploads/1769247011895-Demo_1.jpg/
backup-20260210-1747/rustfs-data/uploads/1769247011895-Demo_1.jpg/d96d8dde-c78e-4922-9a21-1425e926dfd1/
backup-20260210-1747/rustfs-data/uploads/1769247011895-Demo_1.jpg/d96d8dde-c78e-4922-9a21-1425e926dfd1/part.1
backup-20260210-1747/rustfs-data/uploads/1769247011895-Demo_1.jpg/xl.meta
backup-20260210-1747/rustfs-data/uploads/1769159685591-messageImage_1769159064998.jpg/
backup-20260210-1747/rustfs-data/uploads/1769159685591-messageImage_1769159064998.jpg/fccb4063-18b1-4c46-968b-95a4b6e1d033/
backup-20260210-1747/rustfs-data/uploads/1769159685591-messageImage_1769159064998.jpg/fccb4063-18b1-4c46-968b-95a4b6e1d033/part.1
backup-20260210-1747/rustfs-data/uploads/1769159685591-messageImage_1769159064998.jpg/xl.meta
backup-20260210-1747/rustfs-data/uploads/1769247033822-Demo_2.jpg/
backup-20260210-1747/rustfs-data/uploads/1769247033822-Demo_2.jpg/5117918c-476e-4565-8030-0d6483353472/
backup-20260210-1747/rustfs-data/uploads/1769247033822-Demo_2.jpg/5117918c-476e-4565-8030-0d6483353472/part.1
backup-20260210-1747/rustfs-data/uploads/1769247033822-Demo_2.jpg/xl.meta
backup-20260210-1747/rustfs-data/uploads/1769242382546-messageImage_1769242283290.jpg/
backup-20260210-1747/rustfs-data/uploads/1769242382546-messageImage_1769242283290.jpg/478fcbac-0aad-4bce-a4aa-7b8e7c7973e4/
backup-20260210-1747/rustfs-data/uploads/1769242382546-messageImage_1769242283290.jpg/478fcbac-0aad-4bce-a4aa-7b8e7c7973e4/part.1
backup-20260210-1747/rustfs-data/uploads/1769242382546-messageImage_1769242283290.jpg/xl.meta
backup-20260210-1747/rustfs-data/.rustfs.sys/
backup-20260210-1747/rustfs-data/.rustfs.sys/pool.bin/
backup-20260210-1747/rustfs-data/.rustfs.sys/pool.bin/4003f176-5f16-47ab-87a5-80122d3ee94f/
backup-20260210-1747/rustfs-data/.rustfs.sys/pool.bin/4003f176-5f16-47ab-87a5-80122d3ee94f/part.1
backup-20260210-1747/rustfs-data/.rustfs.sys/pool.bin/xl.meta
backup-20260210-1747/rustfs-data/.rustfs.sys/config/
backup-20260210-1747/rustfs-data/.rustfs.sys/config/tier-config.json/
backup-20260210-1747/rustfs-data/.rustfs.sys/config/tier-config.json/e7fbf5a3-be51-4a0d-8df0-bebc77d5bb1c/
backup-20260210-1747/rustfs-data/.rustfs.sys/config/tier-config.json/e7fbf5a3-be51-4a0d-8df0-bebc77d5bb1c/part.1
backup-20260210-1747/rustfs-data/.rustfs.sys/config/tier-config.json/xl.meta
backup-20260210-1747/rustfs-data/.rustfs.sys/config/config.json/
backup-20260210-1747/rustfs-data/.rustfs.sys/config/config.json/xl.meta
backup-20260210-1747/rustfs-data/.rustfs.sys/config/iam/
backup-20260210-1747/rustfs-data/.rustfs.sys/config/iam/format.json/
backup-20260210-1747/rustfs-data/.rustfs.sys/config/iam/format.json/xl.meta
backup-20260210-1747/rustfs-data/.rustfs.sys/.usage-cache.bin.bkp/
backup-20260210-1747/rustfs-data/.rustfs.sys/.usage-cache.bin.bkp/xl.meta
backup-20260210-1747/rustfs-data/.rustfs.sys/format.json
backup-20260210-1747/rustfs-data/.rustfs.sys/.usage-cache.bin/
backup-20260210-1747/rustfs-data/.rustfs.sys/.usage-cache.bin/xl.meta
backup-20260210-1747/rustfs-data/.rustfs.sys/multipart/
backup-20260210-1747/rustfs-data/.rustfs.sys/uploads/
backup-20260210-1747/rustfs-data/.rustfs.sys/uploads/.usage-cache.bin.bkp/
backup-20260210-1747/rustfs-data/.rustfs.sys/uploads/.usage-cache.bin.bkp/xl.meta
backup-20260210-1747/rustfs-data/.rustfs.sys/uploads/.usage-cache.bin/
backup-20260210-1747/rustfs-data/.rustfs.sys/uploads/.usage-cache.bin/xl.meta
backup-20260210-1747/rustfs-data/.rustfs.sys/buckets/
backup-20260210-1747/rustfs-data/.rustfs.sys/buckets/.usage.json/
backup-20260210-1747/rustfs-data/.rustfs.sys/buckets/.usage.json/xl.meta
backup-20260210-1747/rustfs-data/.rustfs.sys/buckets/uploads/
backup-20260210-1747/rustfs-data/.rustfs.sys/buckets/uploads/.metadata.bin/
backup-20260210-1747/rustfs-data/.rustfs.sys/buckets/uploads/.metadata.bin/xl.meta
backup-20260210-1747/rustfs-data/.rustfs.sys/buckets/.bloomcycle.bin/
backup-20260210-1747/rustfs-data/.rustfs.sys/buckets/.bloomcycle.bin/xl.meta
backup-20260210-1747/rustfs-data/.rustfs.sys/tmp/
backup-20260210-1747/rustfs-data/.rustfs.sys/tmp/.trash/
backup-20260210-1747/rustfs-data/.rustfs.sys/tmp/.trash/eb86b8b9-15b3-49c6-82f5-3c47b7c39793/
backup-20260210-1747/rustfs-data/.rustfs.sys/tmp/.trash/eb86b8b9-15b3-49c6-82f5-3c47b7c39793/xl.meta
backup-20260210-1747/rustfs-data/.rustfs.sys/tmp/.trash/8a3d4185-a233-4582-a890-25453384d76c/
backup-20260210-1747/rustfs-data/.rustfs.sys/tmp/.trash/8a3d4185-a233-4582-a890-25453384d76c/xl.meta
backup-20260210-1747/rustfs-data/.rustfs.sys/tmp/.trash/b893846b-44c5-4f97-838f-38a459bc09cb/
backup-20260210-1747/rustfs-data/.rustfs.sys/tmp/.trash/b893846b-44c5-4f97-838f-38a459bc09cb/xl.meta
backup-20260210-1747/rustfs-data/.rustfs.sys/tmp/.trash/8237c9d0-6f13-441b-a555-fa503397073a/
backup-20260210-1747/rustfs-data/.rustfs.sys/tmp/.trash/8237c9d0-6f13-441b-a555-fa503397073a/xl.meta
backup-20260210-1747/rustfs-data/.rustfs.sys/tmp/.trash/166561a5-b1e2-4613-8ce4-58c31c32bbde/
backup-20260210-1747/rustfs-data/.rustfs.sys/tmp/.trash/166561a5-b1e2-4613-8ce4-58c31c32bbde/xl.meta
backup-20260210-1747/rustfs-data/.rustfs.sys/tmp/.trash/78d04af7-dd31-4235-9509-9a432fc149d2/
backup-20260210-1747/rustfs-data/.rustfs.sys/tmp/.trash/78d04af7-dd31-4235-9509-9a432fc149d2/xl.meta
backup-20260210-1747/rustfs-data/.rustfs.sys/tmp/.trash/5ad5db22-fcc3-4da6-ad67-7fd902c15374/
backup-20260210-1747/rustfs-data/.rustfs.sys/tmp/.trash/5ad5db22-fcc3-4da6-ad67-7fd902c15374/xl.meta
backup-20260210-1747/rustfs-data/.rustfs.sys/tmp/.trash/30f0f17f-7acd-4947-a9d2-8dac979fd878/
backup-20260210-1747/rustfs-data/.rustfs.sys/tmp/.trash/30f0f17f-7acd-4947-a9d2-8dac979fd878/xl.meta
backup-20260210-1747/rustfs-data/.rustfs.sys/tmp/.trash/bb7ac805-405a-4e78-96a4-e5e9394777d2/
backup-20260210-1747/rustfs-data/.rustfs.sys/tmp/.trash/bb7ac805-405a-4e78-96a4-e5e9394777d2/xl.meta
backup-20260210-1747/rustfs-data/.rustfs.sys/tmp/.trash/18d8c9b8-592b-4afc-bd8d-9f124376c7e8/
backup-20260210-1747/rustfs-data/.rustfs.sys/tmp/.trash/18d8c9b8-592b-4afc-bd8d-9f124376c7e8/xl.meta
backup-20260210-1747/rustfs-data/.rustfs.sys/tmp/.trash/6574908e-b990-4dbd-935d-4f92623bf126/
backup-20260210-1747/rustfs-data/.rustfs.sys/tmp/.trash/6574908e-b990-4dbd-935d-4f92623bf126/xl.meta
backup-20260210-1747/rustfs-data/.rustfs.sys/tmp/.trash/398eb58e-20e9-4544-86c6-06465dfd21b8/
backup-20260210-1747/rustfs-data/.rustfs.sys/tmp/.trash/398eb58e-20e9-4544-86c6-06465dfd21b8/xl.meta
backup-20260210-1747/rustfs-data/.rustfs.sys/tmp/.trash/b321e483-b7db-4c55-8d98-6e556802bc55/
backup-20260210-1747/rustfs-data/.rustfs.sys/tmp/.trash/b321e483-b7db-4c55-8d98-6e556802bc55/xl.meta
backup-20260210-1747/rustfs-data/.rustfs.sys/tmp/.trash/f8f90da4-19d6-408e-bdc7-11f92fe9126e/
backup-20260210-1747/rustfs-data/.rustfs.sys/tmp/.trash/f8f90da4-19d6-408e-bdc7-11f92fe9126e/xl.meta
backup-20260210-1747/rustfs-data/.rustfs.sys/tmp/.trash/d3cf9976-8e16-4f29-a7e4-42738abdd0af/
backup-20260210-1747/rustfs-data/.rustfs.sys/tmp/.trash/d3cf9976-8e16-4f29-a7e4-42738abdd0af/xl.meta
backup-20260210-1747/rustfs-data/.rustfs.sys/datausage/
backup-20260210-1747/rustfs-data/.rustfs.sys/datausage/state/
backup-20260210-1747/public/
backup-20260210-1747/public/about/
backup-20260210-1747/public/about/company-must.png
backup-20260210-1747/public/about/company-nycu.png
backup-20260210-1747/public/about/company-makalot.png
backup-20260210-1747/public/about/company-ntut.jpg
backup-20260210-1747/public/about/school-nycu.png
backup-20260210-1747/public/about/profile.jpg
backup-20260210-1747/public/about/school-ntut.jpg
backup-20260210-1747/public/cv.pdf
5. 清理臨時目錄...
6. 只保留最新 3 份備份，刪除更舊的...
完成: backup-20260210-1747.tar.gz
移機時把此檔 + 專案丟到新 VM，解壓後照步驟做即可。
